arkyn.are
atlantis.are
help.are
limbo.are
smurf.are
plains.are
ultima.are
ofcol2.are
olympus.are
air.are
shire.are
hitower.are
gnome.are
wyvern.are
catacomb.are
hood.are
draconia.are
mahntor.are
trollden.are
firenewt.are
midgaard.are
chapel.are
midennir.are
grave.are
school.are
moria.are
juargan.are
eastern.are
pyramid.are
drow.are
thalos.are
mirror.are
ofcol.are
haon.are
arachnos.are
dwarven.are
daycare.are
sewer.are
valley.are
redferne.are
mega1.are
marsh.are
dream.are
grove.are
dylan.are
canyon.are
galaxy.are
mobfact.are
start.are
kavir.are
relic.are
quest.are
vallanda.are
doom.are
weed.are
crypt.are
arena.are
highland.are
mage.are
monk.are
vampire.are
wolf.are
wthq.are
bsdhq.are
hell.are
$
